app/build/intermediates/manifest_merge_blame_file/debug/manifest-merger-blame-debug-report.txt
1<?xml version="1.0" encoding="utf-8"?>
2<manifest xmlns:android="http://schemas.android.com/apk/res/android"
3    package="com.example.myproject"
4    android:versionCode="1"
5    android:versionName="1.0" >
6
7    <uses-sdk
8        android:minSdkVersion="19"
8-->src\main\AndroidManifest.xml
9        android:targetSdkVersion="33" />
9-->src\main\AndroidManifest.xml
10
11    <uses-permission android:name="android.permission.INTERNET" />
11-->src\main\AndroidManifest.xml:5:5-67
11-->src\main\AndroidManifest.xml:5:22-64
12    <uses-permission android:name="android.permission.ACCESS_NETWORK_STATE" />
12-->[com.google.firebase:firebase-auth:22.0.0] AndroidManifest.xml:26:5-79
12-->[com.google.firebase:firebase-auth:22.0.0] AndroidManifest.xml:26:22-76
13    <uses-permission android:name="android.permission.POST_NOTIFICATIONS" />
13-->[com.google.firebase:firebase-messaging:23.1.2] AndroidManifest.xml:25:5-77
13-->[com.google.firebase:firebase-messaging:23.1.2] AndroidManifest.xml:25:22-74
14    <uses-permission android:name="android.permission.WAKE_LOCK" /> <!-- Required by older versions of Google Play services to create IID tokens -->
14-->[com.google.firebase:firebase-messaging:23.1.2] AndroidManifest.xml:26:5-68
14-->[com.google.firebase:firebase-messaging:23.1.2] AndroidManifest.xml:26:22-65
15    <uses-permission android:name="com.google.android.c2dm.permission.RECEIVE" />
15-->[com.google.firebase:firebase-messaging:23.1.2] AndroidManifest.xml:28:5-82
15-->[com.google.firebase:firebase-messaging:23.1.2] AndroidManifest.xml:28:22-79
16    <uses-permission android:name="com.google.android.gms.permission.AD_ID" />
16-->[com.google.android.gms:play-services-measurement-api:21.2.2] AndroidManifest.xml:25:5-79
16-->[com.google.android.gms:play-services-measurement-api:21.2.2] AndroidManifest.xml:25:22-76
17    <uses-permission android:name="com.google.android.finsky.permission.BIND_GET_INSTALL_REFERRER_SERVICE" />
17-->[com.google.android.gms:play-services-measurement:21.2.2] AndroidManifest.xml:26:5-110
17-->[com.google.android.gms:play-services-measurement:21.2.2] AndroidManifest.xml:26:22-107
18
19    <permission
19-->[androidx.core:core:1.9.0] AndroidManifest.xml:22:5-24:47
20        android:name="com.example.myproject.DYNAMIC_RECEIVER_NOT_EXPORTED_PERMISSION"
20-->[androidx.core:core:1.9.0] AndroidManifest.xml:23:9-81
21        android:protectionLevel="signature" />
21-->[androidx.core:core:1.9.0] AndroidManifest.xml:24:9-44
22
23    <uses-permission android:name="com.example.myproject.DYNAMIC_RECEIVER_NOT_EXPORTED_PERMISSION" />
23-->[androidx.core:core:1.9.0] AndroidManifest.xml:26:5-97
23-->[androidx.core:core:1.9.0] AndroidManifest.xml:26:22-94
24
25    <application
25-->src\main\AndroidManifest.xml:7:5-85:19
26        android:allowBackup="true"
26-->src\main\AndroidManifest.xml:8:9-35
27        android:appComponentFactory="androidx.core.app.CoreComponentFactory"
27-->[androidx.core:core:1.9.0] AndroidManifest.xml:28:18-86
28        android:dataExtractionRules="@xml/data_extraction_rules"
28-->src\main\AndroidManifest.xml:9:9-65
29        android:debuggable="true"
30        android:fullBackupContent="@xml/backup_rules"
30-->src\main\AndroidManifest.xml:10:9-54
31        android:icon="@mipmap/my_new_logo"
31-->src\main\AndroidManifest.xml:11:9-43
32        android:label="@string/app_name"
32-->src\main\AndroidManifest.xml:12:9-41
33        android:roundIcon="@mipmap/ic_launcher_round"
33-->src\main\AndroidManifest.xml:13:9-54
34        android:supportsRtl="true"
34-->src\main\AndroidManifest.xml:14:9-35
35        android:testOnly="true"
36        android:theme="@style/Theme.MyProject" >
36-->src\main\AndroidManifest.xml:15:9-47
37        <activity
37-->src\main\AndroidManifest.xml:17:9-19:40
38            android:name="com.example.myproject.PlumbersProfileActivity"
38-->src\main\AndroidManifest.xml:18:13-52
39            android:exported="false" />
39-->src\main\AndroidManifest.xml:19:13-37
40        <activity
40-->src\main\AndroidManifest.xml:20:9-22:40
41            android:name="com.example.myproject.InfoCraftsActivity"
41-->src\main\AndroidManifest.xml:21:13-47
42            android:exported="false" />
42-->src\main\AndroidManifest.xml:22:13-37
43        <activity
43-->src\main\AndroidManifest.xml:23:9-27:66
44            android:name="com.example.myproject.HomeActivity"
44-->src\main\AndroidManifest.xml:24:13-41
45            android:exported="false"
45-->src\main\AndroidManifest.xml:25:13-37
46            android:label="@string/title_activity_home"
46-->src\main\AndroidManifest.xml:26:13-56
47            android:theme="@style/Theme.MyProject.NoActionBar" />
47-->src\main\AndroidManifest.xml:27:13-63
48        <activity
48-->src\main\AndroidManifest.xml:28:9-30:40
49            android:name="com.example.myproject.ListActivity"
49-->src\main\AndroidManifest.xml:29:13-41
50            android:exported="false" />
50-->src\main\AndroidManifest.xml:30:13-37
51        <activity
51-->src\main\AndroidManifest.xml:31:9-33:40
52            android:name="com.example.myproject.PropertyMechanicActivity"
52-->src\main\AndroidManifest.xml:32:13-53
53            android:exported="false" />
53-->src\main\AndroidManifest.xml:33:13-37
54        <activity
54-->src\main\AndroidManifest.xml:34:9-36:40
55            android:name="com.example.myproject.PropertyCarpenterActivity"
55-->src\main\AndroidManifest.xml:35:13-54
56            android:exported="false" />
56-->src\main\AndroidManifest.xml:36:13-37
57        <activity
57-->src\main\AndroidManifest.xml:37:9-39:40
58            android:name="com.example.myproject.PropertyPlumberActivity"
58-->src\main\AndroidManifest.xml:38:13-52
59            android:exported="false" />
59-->src\main\AndroidManifest.xml:39:13-37
60        <activity
60-->src\main\AndroidManifest.xml:40:9-42:40
61            android:name="com.example.myproject.PropertyOwnerActivity"
61-->src\main\AndroidManifest.xml:41:13-50
62            android:exported="false" />
62-->src\main\AndroidManifest.xml:42:13-37
63        <activity
63-->src\main\AndroidManifest.xml:43:9-46:62
64            android:name="com.example.myproject.CarpenterActivity"
64-->src\main\AndroidManifest.xml:44:13-46
65            android:exported="true"
65-->src\main\AndroidManifest.xml:45:13-36
66            android:theme="@style/Theme.CarpenterActivity" />
66-->src\main\AndroidManifest.xml:46:13-59
67        <activity
67-->src\main\AndroidManifest.xml:47:9-50:62
68            android:name="com.example.myproject.MechanicsActivity"
68-->src\main\AndroidManifest.xml:48:13-46
69            android:exported="true"
69-->src\main\AndroidManifest.xml:49:13-36
70            android:theme="@style/Theme.MechanicsActivity" />
70-->src\main\AndroidManifest.xml:50:13-59
71        <activity
71-->src\main\AndroidManifest.xml:51:9-54:61
72            android:name="com.example.myproject.PlumbersActivity"
72-->src\main\AndroidManifest.xml:52:13-45
73            android:exported="true"
73-->src\main\AndroidManifest.xml:53:13-36
74            android:theme="@style/Theme.PlumbersActivity" />
74-->src\main\AndroidManifest.xml:54:13-58
75        <activity
75-->src\main\AndroidManifest.xml:55:9-57:40
76            android:name="com.example.myproject.MenuActivity"
76-->src\main\AndroidManifest.xml:56:13-41
77            android:exported="false" />
77-->src\main\AndroidManifest.xml:57:13-37
78        <activity
78-->src\main\AndroidManifest.xml:58:9-62:54
79            android:name="com.example.myproject.CraftsActivity"
79-->src\main\AndroidManifest.xml:59:13-43
80            android:exported="false"
80-->src\main\AndroidManifest.xml:60:13-37
81            android:label="@string/title_activity_crafts"
81-->src\main\AndroidManifest.xml:61:13-58
82            android:theme="@style/Theme.MyProject" />
82-->src\main\AndroidManifest.xml:62:13-51
83        <activity
83-->src\main\AndroidManifest.xml:63:9-65:40
84            android:name="com.example.myproject.QueryActivity"
84-->src\main\AndroidManifest.xml:64:13-42
85            android:exported="false" />
85-->src\main\AndroidManifest.xml:65:13-37
86        <activity
86-->src\main\AndroidManifest.xml:66:9-68:39
87            android:name="com.example.myproject.SigninActivity"
87-->src\main\AndroidManifest.xml:67:13-43
88            android:exported="true" />
88-->src\main\AndroidManifest.xml:68:13-36
89        <activity
89-->src\main\AndroidManifest.xml:69:9-71:39
90            android:name="com.example.myproject.SignupActivity"
90-->src\main\AndroidManifest.xml:70:13-43
91            android:exported="true" />
91-->src\main\AndroidManifest.xml:71:13-36
92        <activity
92-->src\main\AndroidManifest.xml:72:9-84:20
93            android:name="com.example.myproject.MainActivity"
93-->src\main\AndroidManifest.xml:73:13-41
94            android:exported="true" >
94-->src\main\AndroidManifest.xml:74:13-36
95            <intent-filter>
95-->src\main\AndroidManifest.xml:75:13-79:29
96                <action android:name="android.intent.action.MAIN" />
96-->src\main\AndroidManifest.xml:76:17-69
96-->src\main\AndroidManifest.xml:76:25-66
97
98                <category android:name="android.intent.category.LAUNCHER" />
98-->src\main\AndroidManifest.xml:78:17-77
98-->src\main\AndroidManifest.xml:78:27-74
99            </intent-filter>
100
101            <meta-data
101-->src\main\AndroidManifest.xml:81:13-83:36
102                android:name="android.app.lib_name"
102-->src\main\AndroidManifest.xml:82:17-52
103                android:value="" />
103-->src\main\AndroidManifest.xml:83:17-33
104        </activity>
105
106        <service
106-->[com.google.firebase:firebase-database-ktx:20.2.1] AndroidManifest.xml:11:9-17:19
107            android:name="com.google.firebase.components.ComponentDiscoveryService"
107-->[com.google.firebase:firebase-database-ktx:20.2.1] AndroidManifest.xml:12:13-84
108            android:directBootAware="true"
108-->[com.google.firebase:firebase-common:20.3.2] AndroidManifest.xml:34:13-43
109            android:exported="false" >
109-->[com.google.firebase:firebase-database-ktx:20.2.1] AndroidManifest.xml:13:13-37
110            <meta-data
110-->[com.google.firebase:firebase-database-ktx:20.2.1] AndroidManifest.xml:14:13-16:85
111                android:name="com.google.firebase.components:com.google.firebase.database.ktx.FirebaseDatabaseKtxRegistrar"
111-->[com.google.firebase:firebase-database-ktx:20.2.1] AndroidManifest.xml:15:17-124
112                android:value="com.google.firebase.components.ComponentRegistrar" />
112-->[com.google.firebase:firebase-database-ktx:20.2.1] AndroidManifest.xml:16:17-82
113            <meta-data
113-->[com.google.firebase:firebase-storage-ktx:20.2.0] AndroidManifest.xml:14:13-16:85
114                android:name="com.google.firebase.components:com.google.firebase.storage.ktx.FirebaseStorageKtxRegistrar"
114-->[com.google.firebase:firebase-storage-ktx:20.2.0] AndroidManifest.xml:15:17-122
115                android:value="com.google.firebase.components.ComponentRegistrar" />
115-->[com.google.firebase:firebase-storage-ktx:20.2.0] AndroidManifest.xml:16:17-82
116            <meta-data
116-->[com.google.firebase:firebase-auth-ktx:22.0.0] AndroidManifest.xml:11:13-13:85
117                android:name="com.google.firebase.components:com.google.firebase.auth.ktx.FirebaseAuthKtxRegistrar"
117-->[com.google.firebase:firebase-auth-ktx:22.0.0] AndroidManifest.xml:12:17-116
118                android:value="com.google.firebase.components.ComponentRegistrar" />
118-->[com.google.firebase:firebase-auth-ktx:22.0.0] AndroidManifest.xml:13:17-82
119            <meta-data
119-->[com.google.firebase:firebase-analytics-ktx:21.2.2] AndroidManifest.xml:11:13-13:85
120                android:name="com.google.firebase.components:com.google.firebase.analytics.ktx.FirebaseAnalyticsKtxRegistrar"
120-->[com.google.firebase:firebase-analytics-ktx:21.2.2] AndroidManifest.xml:12:17-126
121                android:value="com.google.firebase.components.ComponentRegistrar" />
121-->[com.google.firebase:firebase-analytics-ktx:21.2.2] AndroidManifest.xml:13:17-82
122            <meta-data
122-->[com.google.firebase:firebase-common-ktx:20.3.2] AndroidManifest.xml:14:13-16:85
123                android:name="com.google.firebase.components:com.google.firebase.ktx.FirebaseCommonKtxRegistrar"
123-->[com.google.firebase:firebase-common-ktx:20.3.2] AndroidManifest.xml:15:17-113
124                android:value="com.google.firebase.components.ComponentRegistrar" />
124-->[com.google.firebase:firebase-common-ktx:20.3.2] AndroidManifest.xml:16:17-82
125            <meta-data
125-->[com.google.firebase:firebase-auth:22.0.0] AndroidManifest.xml:69:13-71:85
126                android:name="com.google.firebase.components:com.google.firebase.auth.FirebaseAuthRegistrar"
126-->[com.google.firebase:firebase-auth:22.0.0] AndroidManifest.xml:70:17-109
127                android:value="com.google.firebase.components.ComponentRegistrar" />
127-->[com.google.firebase:firebase-auth:22.0.0] AndroidManifest.xml:71:17-82
128            <meta-data
128-->[com.google.firebase:firebase-messaging:23.1.2] AndroidManifest.xml:55:13-57:85
129                android:name="com.google.firebase.components:com.google.firebase.messaging.FirebaseMessagingRegistrar"
129-->[com.google.firebase:firebase-messaging:23.1.2] AndroidManifest.xml:56:17-119
130                android:value="com.google.firebase.components.ComponentRegistrar" />
130-->[com.google.firebase:firebase-messaging:23.1.2] AndroidManifest.xml:57:17-82
131            <meta-data
131-->[com.google.firebase:firebase-database:20.2.1] AndroidManifest.xml:31:13-33:85
132                android:name="com.google.firebase.components:com.google.firebase.database.DatabaseRegistrar"
132-->[com.google.firebase:firebase-database:20.2.1] AndroidManifest.xml:32:17-109
133                android:value="com.google.firebase.components.ComponentRegistrar" />
133-->[com.google.firebase:firebase-database:20.2.1] AndroidManifest.xml:33:17-82
134            <meta-data
134-->[com.google.firebase:firebase-storage:20.2.0] AndroidManifest.xml:32:13-34:85
135                android:name="com.google.firebase.components:com.google.firebase.storage.StorageRegistrar"
135-->[com.google.firebase:firebase-storage:20.2.0] AndroidManifest.xml:33:17-107
136                android:value="com.google.firebase.components.ComponentRegistrar" />
136-->[com.google.firebase:firebase-storage:20.2.0] AndroidManifest.xml:34:17-82
137            <meta-data
137-->[com.google.firebase:firebase-datatransport:18.1.7] AndroidManifest.xml:27:13-29:85
138                android:name="com.google.firebase.components:com.google.firebase.datatransport.TransportRegistrar"
138-->[com.google.firebase:firebase-datatransport:18.1.7] AndroidManifest.xml:28:17-115
139                android:value="com.google.firebase.components.ComponentRegistrar" />
139-->[com.google.firebase:firebase-datatransport:18.1.7] AndroidManifest.xml:29:17-82
140            <meta-data
140-->[com.google.android.gms:play-services-measurement-api:21.2.2] AndroidManifest.xml:31:13-33:85
141                android:name="com.google.firebase.components:com.google.firebase.analytics.connector.internal.AnalyticsConnectorRegistrar"
141-->[com.google.android.gms:play-services-measurement-api:21.2.2] AndroidManifest.xml:32:17-139
142                android:value="com.google.firebase.components.ComponentRegistrar" />
142-->[com.google.android.gms:play-services-measurement-api:21.2.2] AndroidManifest.xml:33:17-82
143            <meta-data
143-->[com.google.firebase:firebase-installations:17.1.3] AndroidManifest.xml:17:13-19:85
144                android:name="com.google.firebase.components:com.google.firebase.installations.FirebaseInstallationsRegistrar"
144-->[com.google.firebase:firebase-installations:17.1.3] AndroidManifest.xml:18:17-127
145                android:value="com.google.firebase.components.ComponentRegistrar" />
145-->[com.google.firebase:firebase-installations:17.1.3] AndroidManifest.xml:19:17-82
146        </service>
147
148        <activity
148-->[com.google.firebase:firebase-auth:22.0.0] AndroidManifest.xml:29:9-46:20
149            android:name="com.google.firebase.auth.internal.GenericIdpActivity"
149-->[com.google.firebase:firebase-auth:22.0.0] AndroidManifest.xml:30:13-80
150            android:excludeFromRecents="true"
150-->[com.google.firebase:firebase-auth:22.0.0] AndroidManifest.xml:31:13-46
151            android:exported="true"
151-->[com.google.firebase:firebase-auth:22.0.0] AndroidManifest.xml:32:13-36
152            android:launchMode="singleTask"
152-->[com.google.firebase:firebase-auth:22.0.0] AndroidManifest.xml:33:13-44
153            android:theme="@android:style/Theme.Translucent.NoTitleBar" >
153-->[com.google.firebase:firebase-auth:22.0.0] AndroidManifest.xml:34:13-72
154            <intent-filter>
154-->[com.google.firebase:firebase-auth:22.0.0] AndroidManifest.xml:35:13-45:29
155                <action android:name="android.intent.action.VIEW" />
155-->[com.google.firebase:firebase-auth:22.0.0] AndroidManifest.xml:36:17-69
155-->[com.google.firebase:firebase-auth:22.0.0] AndroidManifest.xml:36:25-66
156
157                <category android:name="android.intent.category.DEFAULT" />
157-->[com.google.firebase:firebase-auth:22.0.0] AndroidManifest.xml:38:17-76
157-->[com.google.firebase:firebase-auth:22.0.0] AndroidManifest.xml:38:27-73
158                <category android:name="android.intent.category.BROWSABLE" />
158-->[com.google.firebase:firebase-auth:22.0.0] AndroidManifest.xml:39:17-78
158-->[com.google.firebase:firebase-auth:22.0.0] AndroidManifest.xml:39:27-75
159
160                <data
160-->[com.google.firebase:firebase-auth:22.0.0] AndroidManifest.xml:41:17-44:51
161                    android:host="firebase.auth"
161-->[com.google.firebase:firebase-auth:22.0.0] AndroidManifest.xml:42:21-49
162                    android:path="/"
162-->[com.google.firebase:firebase-auth:22.0.0] AndroidManifest.xml:43:21-37
163                    android:scheme="genericidp" />
163-->[com.google.firebase:firebase-auth:22.0.0] AndroidManifest.xml:44:21-48
164            </intent-filter>
165        </activity>
166        <activity
166-->[com.google.firebase:firebase-auth:22.0.0] AndroidManifest.xml:47:9-64:20
167            android:name="com.google.firebase.auth.internal.RecaptchaActivity"
167-->[com.google.firebase:firebase-auth:22.0.0] AndroidManifest.xml:48:13-79
168            android:excludeFromRecents="true"
168-->[com.google.firebase:firebase-auth:22.0.0] AndroidManifest.xml:49:13-46
169            android:exported="true"
169-->[com.google.firebase:firebase-auth:22.0.0] AndroidManifest.xml:50:13-36
170            android:launchMode="singleTask"
170-->[com.google.firebase:firebase-auth:22.0.0] AndroidManifest.xml:51:13-44
171            android:theme="@android:style/Theme.Translucent.NoTitleBar" >
171-->[com.google.firebase:firebase-auth:22.0.0] AndroidManifest.xml:52:13-72
172            <intent-filter>
172-->[com.google.firebase:firebase-auth:22.0.0] AndroidManifest.xml:53:13-63:29
173                <action android:name="android.intent.action.VIEW" />
173-->[com.google.firebase:firebase-auth:22.0.0] AndroidManifest.xml:36:17-69
173-->[com.google.firebase:firebase-auth:22.0.0] AndroidManifest.xml:36:25-66
174
175                <category android:name="android.intent.category.DEFAULT" />
175-->[com.google.firebase:firebase-auth:22.0.0] AndroidManifest.xml:38:17-76
175-->[com.google.firebase:firebase-auth:22.0.0] AndroidManifest.xml:38:27-73
176                <category android:name="android.intent.category.BROWSABLE" />
176-->[com.google.firebase:firebase-auth:22.0.0] AndroidManifest.xml:39:17-78
176-->[com.google.firebase:firebase-auth:22.0.0] AndroidManifest.xml:39:27-75
177
178                <data
178-->[com.google.firebase:firebase-auth:22.0.0] AndroidManifest.xml:41:17-44:51
179                    android:host="firebase.auth"
179-->[com.google.firebase:firebase-auth:22.0.0] AndroidManifest.xml:42:21-49
180                    android:path="/"
180-->[com.google.firebase:firebase-auth:22.0.0] AndroidManifest.xml:43:21-37
181                    android:scheme="recaptcha" />
181-->[com.google.firebase:firebase-auth:22.0.0] AndroidManifest.xml:44:21-48
182            </intent-filter>
183        </activity>
184        <activity
184-->[com.google.android.gms:play-services-auth:20.5.0] AndroidManifest.xml:23:9-27:75
185            android:name="com.google.android.gms.auth.api.signin.internal.SignInHubActivity"
185-->[com.google.android.gms:play-services-auth:20.5.0] AndroidManifest.xml:24:13-93
186            android:excludeFromRecents="true"
186-->[com.google.android.gms:play-services-auth:20.5.0] AndroidManifest.xml:25:13-46
187            android:exported="false"
187-->[com.google.android.gms:play-services-auth:20.5.0] AndroidManifest.xml:26:13-37
188            android:theme="@android:style/Theme.Translucent.NoTitleBar" />
188-->[com.google.android.gms:play-services-auth:20.5.0] AndroidManifest.xml:27:13-72
189        <!--
190            Service handling Google Sign-In user revocation. For apps that do not integrate with
191            Google Sign-In, this service will never be started.
192        -->
193        <service
193-->[com.google.android.gms:play-services-auth:20.5.0] AndroidManifest.xml:33:9-37:51
194            android:name="com.google.android.gms.auth.api.signin.RevocationBoundService"
194-->[com.google.android.gms:play-services-auth:20.5.0] AndroidManifest.xml:34:13-89
195            android:exported="true"
195-->[com.google.android.gms:play-services-auth:20.5.0] AndroidManifest.xml:35:13-36
196            android:permission="com.google.android.gms.auth.api.signin.permission.REVOCATION_NOTIFICATION"
196-->[com.google.android.gms:play-services-auth:20.5.0] AndroidManifest.xml:36:13-107
197            android:visibleToInstantApps="true" />
197-->[com.google.android.gms:play-services-auth:20.5.0] AndroidManifest.xml:37:13-48
198
199        <receiver
199-->[com.google.firebase:firebase-messaging:23.1.2] AndroidManifest.xml:31:9-38:20
200            android:name="com.google.firebase.iid.FirebaseInstanceIdReceiver"
200-->[com.google.firebase:firebase-messaging:23.1.2] AndroidManifest.xml:32:13-78
201            android:exported="true"
201-->[com.google.firebase:firebase-messaging:23.1.2] AndroidManifest.xml:33:13-36
202            android:permission="com.google.android.c2dm.permission.SEND" >
202-->[com.google.firebase:firebase-messaging:23.1.2] AndroidManifest.xml:34:13-73
203            <intent-filter>
203-->[com.google.firebase:firebase-messaging:23.1.2] AndroidManifest.xml:35:13-37:29
204                <action android:name="com.google.android.c2dm.intent.RECEIVE" />
204-->[com.google.firebase:firebase-messaging:23.1.2] AndroidManifest.xml:36:17-81
204-->[com.google.firebase:firebase-messaging:23.1.2] AndroidManifest.xml:36:25-78
205            </intent-filter>
206        </receiver>
207        <!--
208             FirebaseMessagingService performs security checks at runtime,
209             but set to not exported to explicitly avoid allowing another app to call it.
210        -->
211        <service
211-->[com.google.firebase:firebase-messaging:23.1.2] AndroidManifest.xml:44:9-51:19
212            android:name="com.google.firebase.messaging.FirebaseMessagingService"
212-->[com.google.firebase:firebase-messaging:23.1.2] AndroidManifest.xml:45:13-82
213            android:directBootAware="true"
213-->[com.google.firebase:firebase-messaging:23.1.2] AndroidManifest.xml:46:13-43
214            android:exported="false" >
214-->[com.google.firebase:firebase-messaging:23.1.2] AndroidManifest.xml:47:13-37
215            <intent-filter android:priority="-500" >
215-->[com.google.firebase:firebase-messaging:23.1.2] AndroidManifest.xml:48:13-50:29
215-->[com.google.firebase:firebase-messaging:23.1.2] AndroidManifest.xml:48:28-51
216                <action android:name="com.google.firebase.MESSAGING_EVENT" />
216-->[com.google.firebase:firebase-messaging:23.1.2] AndroidManifest.xml:49:17-78
216-->[com.google.firebase:firebase-messaging:23.1.2] AndroidManifest.xml:49:25-75
217            </intent-filter>
218        </service>
219
220        <provider
220-->[com.google.firebase:firebase-common:20.3.2] AndroidManifest.xml:25:9-30:39
221            android:name="com.google.firebase.provider.FirebaseInitProvider"
221-->[com.google.firebase:firebase-common:20.3.2] AndroidManifest.xml:26:13-77
222            android:authorities="com.example.myproject.firebaseinitprovider"
222-->[com.google.firebase:firebase-common:20.3.2] AndroidManifest.xml:27:13-72
223            android:directBootAware="true"
223-->[com.google.firebase:firebase-common:20.3.2] AndroidManifest.xml:28:13-43
224            android:exported="false"
224-->[com.google.firebase:firebase-common:20.3.2] AndroidManifest.xml:29:13-37
225            android:initOrder="100" />
225-->[com.google.firebase:firebase-common:20.3.2] AndroidManifest.xml:30:13-36
226
227        <activity
227-->[com.google.android.gms:play-services-base:18.1.0] AndroidManifest.xml:20:9-22:45
228            android:name="com.google.android.gms.common.api.GoogleApiActivity"
228-->[com.google.android.gms:play-services-base:18.1.0] AndroidManifest.xml:20:19-85
229            android:exported="false"
229-->[com.google.android.gms:play-services-base:18.1.0] AndroidManifest.xml:22:19-43
230            android:theme="@android:style/Theme.Translucent.NoTitleBar" />
230-->[com.google.android.gms:play-services-base:18.1.0] AndroidManifest.xml:21:19-78
231
232        <receiver
232-->[com.google.android.gms:play-services-measurement:21.2.2] AndroidManifest.xml:29:9-33:20
233            android:name="com.google.android.gms.measurement.AppMeasurementReceiver"
233-->[com.google.android.gms:play-services-measurement:21.2.2] AndroidManifest.xml:30:13-85
234            android:enabled="true"
234-->[com.google.android.gms:play-services-measurement:21.2.2] AndroidManifest.xml:31:13-35
235            android:exported="false" >
235-->[com.google.android.gms:play-services-measurement:21.2.2] AndroidManifest.xml:32:13-37
236        </receiver>
237
238        <service
238-->[com.google.android.gms:play-services-measurement:21.2.2] AndroidManifest.xml:35:9-38:40
239            android:name="com.google.android.gms.measurement.AppMeasurementService"
239-->[com.google.android.gms:play-services-measurement:21.2.2] AndroidManifest.xml:36:13-84
240            android:enabled="true"
240-->[com.google.android.gms:play-services-measurement:21.2.2] AndroidManifest.xml:37:13-35
241            android:exported="false" />
241-->[com.google.android.gms:play-services-measurement:21.2.2] AndroidManifest.xml:38:13-37
242        <service
242-->[com.google.android.gms:play-services-measurement:21.2.2] AndroidManifest.xml:39:9-43:72
243            android:name="com.google.android.gms.measurement.AppMeasurementJobService"
243-->[com.google.android.gms:play-services-measurement:21.2.2] AndroidManifest.xml:40:13-87
244            android:enabled="true"
244-->[com.google.android.gms:play-services-measurement:21.2.2] AndroidManifest.xml:41:13-35
245            android:exported="false"
245-->[com.google.android.gms:play-services-measurement:21.2.2] AndroidManifest.xml:42:13-37
246            android:permission="android.permission.BIND_JOB_SERVICE" />
246-->[com.google.android.gms:play-services-measurement:21.2.2] AndroidManifest.xml:43:13-69
247
248        <meta-data
248-->[com.google.android.gms:play-services-basement:18.2.0] AndroidManifest.xml:21:9-23:69
249            android:name="com.google.android.gms.version"
249-->[com.google.android.gms:play-services-basement:18.2.0] AndroidManifest.xml:22:13-58
250            android:value="@integer/google_play_services_version" />
250-->[com.google.android.gms:play-services-basement:18.2.0] AndroidManifest.xml:23:13-66
251
252        <uses-library
252-->[androidx.window:window:1.0.0] AndroidManifest.xml:25:9-27:40
253            android:name="androidx.window.extensions"
253-->[androidx.window:window:1.0.0] AndroidManifest.xml:26:13-54
254            android:required="false" />
254-->[androidx.window:window:1.0.0] AndroidManifest.xml:27:13-37
255        <uses-library
255-->[androidx.window:window:1.0.0] AndroidManifest.xml:28:9-30:40
256            android:name="androidx.window.sidecar"
256-->[androidx.window:window:1.0.0] AndroidManifest.xml:29:13-51
257            android:required="false" />
257-->[androidx.window:window:1.0.0] AndroidManifest.xml:30:13-37
258
259        <provider
259-->[androidx.emoji2:emoji2:1.2.0] AndroidManifest.xml:24:9-32:20
260            android:name="androidx.startup.InitializationProvider"
260-->[androidx.emoji2:emoji2:1.2.0] AndroidManifest.xml:25:13-67
261            android:authorities="com.example.myproject.androidx-startup"
261-->[androidx.emoji2:emoji2:1.2.0] AndroidManifest.xml:26:13-68
262            android:exported="false" >
262-->[androidx.emoji2:emoji2:1.2.0] AndroidManifest.xml:27:13-37
263            <meta-data
263-->[androidx.emoji2:emoji2:1.2.0] AndroidManifest.xml:29:13-31:52
264                android:name="androidx.emoji2.text.EmojiCompatInitializer"
264-->[androidx.emoji2:emoji2:1.2.0] AndroidManifest.xml:30:17-75
265                android:value="androidx.startup" />
265-->[androidx.emoji2:emoji2:1.2.0] AndroidManifest.xml:31:17-49
266            <meta-data
266-->[androidx.lifecycle:lifecycle-process:2.4.1] AndroidManifest.xml:31:13-33:52
267                android:name="androidx.lifecycle.ProcessLifecycleInitializer"
267-->[androidx.lifecycle:lifecycle-process:2.4.1] AndroidManifest.xml:32:17-78
268                android:value="androidx.startup" />
268-->[androidx.lifecycle:lifecycle-process:2.4.1] AndroidManifest.xml:33:17-49
269        </provider>
270
271        <service
271-->[com.google.android.datatransport:transport-backend-cct:3.1.8] AndroidManifest.xml:28:9-34:19